0 info it worked if it ends with ok
1 verbose cli [ 'node', '/usr/local/bin/npm', 'install', 'bootstrap' ]
2 info using npm@2.7.4
3 info using node@v0.12.2
4 silly cache add args [ 'bootstrap', null ]
5 verbose cache add spec bootstrap
6 silly cache add parsed spec { raw: 'bootstrap',
6 silly cache add   scope: null,
6 silly cache add   name: 'bootstrap',
6 silly cache add   rawSpec: '',
6 silly cache add   spec: '*',
6 silly cache add   type: 'range' }
7 verbose addNamed bootstrap@*
8 silly addNamed semver.valid null
9 silly addNamed semver.validRange *
10 silly addNameRange { name: 'bootstrap', range: '*', hasData: false }
11 silly mapToRegistry name bootstrap
12 silly mapToRegistry using default registry
13 silly mapToRegistry registry https://registry.npmjs.org/
14 silly mapToRegistry uri https://registry.npmjs.org/bootstrap
15 verbose addNameRange registry:https://registry.npmjs.org/bootstrap not in flight; fetching
16 verbose request uri https://registry.npmjs.org/bootstrap
17 verbose request no auth needed
18 info attempt registry request try #1 at 2:43:05 PM
19 verbose request id 5874ffc8d2a87423
20 http request GET https://registry.npmjs.org/bootstrap
21 http 200 https://registry.npmjs.org/bootstrap
22 silly get cb [ 200,
22 silly get   { server: 'CouchDB/1.5.0 (Erlang OTP/R16B03)',
22 silly get     etag: '"59JTAGTTJF41EVK4I3DYUYELV"',
22 silly get     'content-type': 'application/json',
22 silly get     'cache-control': 'max-age=60',
22 silly get     'content-length': '28914',
22 silly get     'accept-ranges': 'bytes',
22 silly get     date: 'Wed, 02 Dec 2015 20:43:09 GMT',
22 silly get     via: '1.1 varnish',
22 silly get     age: '51',
22 silly get     connection: 'keep-alive',
22 silly get     'x-served-by': 'cache-jfk1023-JFK',
22 silly get     'x-cache': 'HIT',
22 silly get     'x-cache-hits': '1',
22 silly get     'x-timer': 'S1449088989.778476,VS0,VE0',
22 silly get     vary: 'Accept' } ]
23 verbose get saving bootstrap to /Users/edgarr/.npm/registry.npmjs.org/bootstrap/.cache.json
24 silly addNameRange number 2 { name: 'bootstrap', range: '*', hasData: true }
25 silly addNameRange versions [ 'bootstrap',
25 silly addNameRange   [ '0.0.1',
25 silly addNameRange     '0.0.2',
25 silly addNameRange     '3.1.1',
25 silly addNameRange     '3.2.0',
25 silly addNameRange     '3.3.0',
25 silly addNameRange     '3.3.1',
25 silly addNameRange     '3.3.2',
25 silly addNameRange     '3.3.4',
25 silly addNameRange     '3.3.5',
25 silly addNameRange     '3.3.6' ] ]
26 verbose addNamed bootstrap@3.3.6
27 silly addNamed semver.valid 3.3.6
28 silly addNamed semver.validRange 3.3.6
29 silly mapToRegistry name bootstrap
30 silly mapToRegistry using default registry
31 silly mapToRegistry registry https://registry.npmjs.org/
32 silly mapToRegistry uri https://registry.npmjs.org/bootstrap
33 verbose addRemoteTarball https://registry.npmjs.org/bootstrap/-/bootstrap-3.3.6.tgz not in flight; adding
34 verbose addRemoteTarball [ 'https://registry.npmjs.org/bootstrap/-/bootstrap-3.3.6.tgz',
34 verbose addRemoteTarball   '8de8f749dc8a743f2ac5b510d988371e3daa6589' ]
35 info retry fetch attempt 1 at 2:43:09 PM
36 info attempt registry request try #1 at 2:43:09 PM
37 http fetch GET https://registry.npmjs.org/bootstrap/-/bootstrap-3.3.6.tgz
38 http fetch 200 https://registry.npmjs.org/bootstrap/-/bootstrap-3.3.6.tgz
39 silly fetchAndShaCheck shasum 8de8f749dc8a743f2ac5b510d988371e3daa6589
40 verbose addTmpTarball /var/folders/7j/_bsjm_cd4wldhg0bk6c5qd880021vy/T/npm-26186-9b500a5b/registry.npmjs.org/bootstrap/-/bootstrap-3.3.6.tgz not in flight; adding
41 verbose addTmpTarball already have metadata; skipping unpack for bootstrap@3.3.6
42 silly cache afterAdd bootstrap@3.3.6
43 verbose afterAdd /Users/edgarr/.npm/bootstrap/3.3.6/package/package.json not in flight; writing
44 verbose afterAdd /Users/edgarr/.npm/bootstrap/3.3.6/package/package.json written
45 silly install resolved [ { name: 'bootstrap',
45 silly install resolved     description: 'The most popular front-end framework for developing responsive, mobile first projects on the web.',
45 silly install resolved     version: '3.3.6',
45 silly install resolved     keywords:
45 silly install resolved      [ 'css',
45 silly install resolved        'less',
45 silly install resolved        'mobile-first',
45 silly install resolved        'responsive',
45 silly install resolved        'front-end',
45 silly install resolved        'framework',
45 silly install resolved        'web' ],
45 silly install resolved     homepage: 'http://getbootstrap.com',
45 silly install resolved     author: { name: 'Twitter, Inc.' },
45 silly install resolved     scripts: { test: 'grunt test' },
45 silly install resolved     style: 'dist/css/bootstrap.css',
45 silly install resolved     less: 'less/bootstrap.less',
45 silly install resolved     main: './dist/js/npm',
45 silly install resolved     repository:
45 silly install resolved      { type: 'git',
45 silly install resolved        url: 'git+https://github.com/twbs/bootstrap.git' },
45 silly install resolved     bugs: { url: 'https://github.com/twbs/bootstrap/issues' },
45 silly install resolved     license: 'MIT',
45 silly install resolved     devDependencies:
45 silly install resolved      { btoa: '~1.1.2',
45 silly install resolved        glob: '~6.0.1',
45 silly install resolved        grunt: '~0.4.5',
45 silly install resolved        'grunt-autoprefixer': '~3.0.3',
45 silly install resolved        'grunt-contrib-clean': '~0.6.0',
45 silly install resolved        'grunt-contrib-compress': '~0.14.0',
45 silly install resolved        'grunt-contrib-concat': '~0.5.1',
45 silly install resolved        'grunt-contrib-connect': '~0.11.2',
45 silly install resolved        'grunt-contrib-copy': '~0.8.0',
45 silly install resolved        'grunt-contrib-csslint': '~0.5.0',
45 silly install resolved        'grunt-contrib-cssmin': '~0.14.0',
45 silly install resolved        'grunt-contrib-htmlmin': '~0.6.0',
45 silly install resolved        'grunt-contrib-jade': '~0.15.0',
45 silly install resolved        'grunt-contrib-jshint': '~0.11.2',
45 silly install resolved        'grunt-contrib-less': '~1.1.0',
45 silly install resolved        'grunt-contrib-qunit': '~0.7.0',
45 silly install resolved        'grunt-contrib-uglify': '~0.9.2',
45 silly install resolved        'grunt-contrib-watch': '~0.6.1',
45 silly install resolved        'grunt-csscomb': '~3.1.0',
45 silly install resolved        'grunt-exec': '~0.4.6',
45 silly install resolved        'grunt-html': '~5.0.1',
45 silly install resolved        'grunt-jekyll': '~0.4.2',
45 silly install resolved        'grunt-jscs': '~2.3.0',
45 silly install resolved        'grunt-saucelabs': '~8.6.1',
45 silly install resolved        'grunt-sed': 'github:twbs/grunt-sed#v0.2.0',
45 silly install resolved        'load-grunt-tasks': '~3.3.0',
45 silly install resolved        'markdown-it': '^5.0.0',
45 silly install resolved        'npm-shrinkwrap': '^200.4.0',
45 silly install resolved        'time-grunt': '^1.2.1' },
45 silly install resolved     engines: { node: '>=0.10.1' },
45 silly install resolved     files:
45 silly install resolved      [ 'dist',
45 silly install resolved        'fonts',
45 silly install resolved        'grunt',
45 silly install resolved        'js/*.js',
45 silly install resolved        'less/**/*.less',
45 silly install resolved        'Gruntfile.js',
45 silly install resolved        'LICENSE' ],
45 silly install resolved     jspm: { main: 'js/bootstrap', shim: [Object], files: [Object] },
45 silly install resolved     gitHead: '81df608a40bf0629a1dc08e584849bb1e43e0b7a',
45 silly install resolved     _id: 'bootstrap@3.3.6',
45 silly install resolved     _shasum: '8de8f749dc8a743f2ac5b510d988371e3daa6589',
45 silly install resolved     _from: 'bootstrap@*',
45 silly install resolved     _npmVersion: '2.11.3',
45 silly install resolved     _nodeVersion: '0.12.7',
45 silly install resolved     _npmUser: { name: 'twbs', email: 'getbootstrap@gmail.com' },
45 silly install resolved     dist:
45 silly install resolved      { shasum: '8de8f749dc8a743f2ac5b510d988371e3daa6589',
45 silly install resolved        tarball: 'http://registry.npmjs.org/bootstrap/-/bootstrap-3.3.6.tgz' },
45 silly install resolved     maintainers: [ [Object] ],
45 silly install resolved     directories: {},
45 silly install resolved     _resolved: 'https://registry.npmjs.org/bootstrap/-/bootstrap-3.3.6.tgz' } ]
46 info install bootstrap@3.3.6 into /Users/edgarr/Documents/JavaScript/Pizzeria
47 info installOne bootstrap@3.3.6
48 verbose installOne of bootstrap to /Users/edgarr/Documents/JavaScript/Pizzeria not in flight; installing
49 warn locking Error: EACCES, open '/Users/edgarr/.npm/_locks/bootstrap-e3cefd0e222f41dc.lock'
49 warn locking     at Error (native)
49 warn locking  /Users/edgarr/.npm/_locks/bootstrap-e3cefd0e222f41dc.lock failed { [Error: EACCES, open '/Users/edgarr/.npm/_locks/bootstrap-e3cefd0e222f41dc.lock']
49 warn locking   errno: -13,
49 warn locking   code: 'EACCES',
49 warn locking   path: '/Users/edgarr/.npm/_locks/bootstrap-e3cefd0e222f41dc.lock' }
50 verbose stack Error: Attempt to unlock /Users/edgarr/Documents/JavaScript/Pizzeria/node_modules/bootstrap, which hasn't been locked
50 verbose stack     at unlock (/usr/local/lib/node_modules/npm/lib/utils/locker.js:66:11)
50 verbose stack     at cb (/usr/local/lib/node_modules/npm/lib/install.js:1004:5)
50 verbose stack     at /usr/local/lib/node_modules/npm/lib/install.js:1008:20
50 verbose stack     at /usr/local/lib/node_modules/npm/lib/utils/locker.js:40:9
50 verbose stack     at cb (/usr/local/lib/node_modules/npm/node_modules/lockfile/lockfile.js:149:38)
50 verbose stack     at /usr/local/lib/node_modules/npm/node_modules/lockfile/lockfile.js:177:38
50 verbose stack     at FSReqWrap.oncomplete (fs.js:95:15)
51 verbose cwd /Users/edgarr/Documents/JavaScript/Pizzeria
52 error Darwin 14.5.0
53 error argv "node" "/usr/local/bin/npm" "install" "bootstrap"
54 error node v0.12.2
55 error npm  v2.7.4
56 error Attempt to unlock /Users/edgarr/Documents/JavaScript/Pizzeria/node_modules/bootstrap, which hasn't been locked
57 error If you need help, you may report this error at:
57 error     <https://github.com/npm/npm/issues>
58 verbose exit [ 1, true ]
